---------------------------------------------------------------
[ 2018-02-07T13:31:02+08:00 ] 127.0.0.1 GET /portal/admin_category/add.html
[ info ] www.demo.com/portal/admin_category/add.html [运行时间：1.142877s][吞吐率：0.87req/s] [内存消耗：665.66kb] [文件加载：82]
[ info ] [ CACHE ] INIT File
[ info ] [ BEHAVIOR ] Run cmf\behavior\InitHookBehavior @app_init [ RunTime:0.051586s ]
[ info ] [ LANG ] D:\UPUPW_AP7.0_64\vhosts\www.demo.com\thinkcmf\simplewind\thinkphp\lang\zh-cn.php
[ info ] [ ROUTE ] array (
  'type' => 'module',
  'module' => 
  array (
    0 => 'portal',
    1 => 'admin_category',
    2 => 'add',
  ),
)
[ info ] [ HEADER ] array (
  'host' => 'www.demo.com',
  'connection' => 'keep-alive',
  'pragma' => 'no-cache',
  'cache-control' => 'no-cache',
  'upgrade-insecure-requests' => '1',
  'user-agent' => 'Mozilla/5.0 (Windows NT 10.0; Win64; x64) AppleWebKit/537.36 (KHTML, like Gecko) Chrome/63.0.3239.108 Safari/537.36',
  'accept' => 'text/html,application/xhtml+xml,application/xml;q=0.9,image/webp,image/apng,*/*;q=0.8',
  'referer' => 'http://www.demo.com/portal/admin_category/add.html',
  'accept-encoding' => 'gzip, deflate',
  'accept-language' => 'zh-CN,zh;q=0.9',
  'cookie' => 'thinkphp_show_page_trace=0|4; __atuvc=12%7C52; admin_username=admin; PHPSESSID=rb23or8bb8lqllehft9ephkpa6; thinkphp_show_page_trace=0|4',
)
[ info ] [ PARAM ] array (
)
[ info ] [ LANG ] D:\UPUPW_AP7.0_64\vhosts\www.demo.com\thinkcmf\public/../simplewind/cmf/lang\zh-cn.php
[ info ] [ LANG ] D:\UPUPW_AP7.0_64\vhosts\www.demo.com\thinkcmf\public/../app/admin\lang\zh-cn\common.php
[ info ] [ LANG ] D:\UPUPW_AP7.0_64\vhosts\www.demo.com\thinkcmf\public/../app/portal\lang\zh-cn\common.php
[ info ] [ BEHAVIOR ] Run cmf\behavior\LangBehavior @app_begin [ RunTime:0.031992s ]
[ info ] [ LANG ] D:\UPUPW_AP7.0_64\vhosts\www.demo.com\thinkcmf\public/../app/portal\lang\zh-cn.php
[ info ] [ DB ] INIT mysql
[ info ] [ LANG ] D:\UPUPW_AP7.0_64\vhosts\www.demo.com\thinkcmf\public/../app/admin\lang\zh-cn\admin_menu.php
[ info ] [ LANG ] D:\UPUPW_AP7.0_64\vhosts\www.demo.com\thinkcmf\public/../app/admin\lang\zh-cn\admin.php
[ info ] [ LANG ] D:\UPUPW_AP7.0_64\vhosts\www.demo.com\thinkcmf\public/../app/user\lang\zh-cn\admin_menu.php
[ info ] [ BEHAVIOR ] Run cmf\behavior\AdminLangBehavior @admin_init [ RunTime:0.095888s ]
[ info ] [ SESSION ] INIT array (
  'id' => '',
  'var_session_id' => '',
  'prefix' => 'think',
  'type' => '',
  'auto_start' => true,
)
[ info ] [ RUN ] app\portal\controller\AdminCategoryController->add[ D:\UPUPW_AP7.0_64\vhosts\www.demo.com\thinkcmf\app\portal\controller\AdminCategoryController.php ]
[ info ] [ VIEW ] themes/admin_simpleboot3/portal\admin_category\add.html [ array (
  0 => 'admin',
  1 => 'list_theme_files',
  2 => 'article_theme_files',
  3 => 'categories_tree',
) ]
[ info ] [ LOG ] INIT File
[ sql ] [ DB ] CONNECT:[ UseTime:0.066802s ] mysql:host=localhost;port=3306;dbname=thinkcmf5;charset=utf8mb4
[ sql ] [ SQL ] SHOW COLUMNS FROM `cmf_option` [ RunTime:0.031982s ]
[ sql ] [ SQL ] SELECT `option_value` FROM `cmf_option` WHERE  `option_name` = 'cdn_settings' LIMIT 1 [ RunTime:0.001523s ]
[ sql ] [ SQL ] SHOW COLUMNS FROM `cmf_user` [ RunTime:0.020319s ]
[ sql ] [ SQL ] SELECT * FROM `cmf_user` WHERE  `id` = 1 LIMIT 1 [ RunTime:0.001341s ]
[ sql ] [ SQL ] SHOW COLUMNS FROM `cmf_portal_category` [ RunTime:0.020371s ]
[ sql ] [ SQL ] SELECT * FROM `cmf_portal_category` WHERE  `delete_time` = 0 ORDER BY list_order ASC [ RunTime:0.001237s ]
[ sql ] [ SQL ] SHOW COLUMNS FROM `cmf_theme_file` [ RunTime:0.021497s ]
[ sql ] [ SQL ] SELECT * FROM `cmf_theme_file` WHERE  `theme` = 'heizi'  AND `action` = 'portal/List/index' [ RunTime:0.001296s ]
[ sql ] [ SQL ] SELECT * FROM `cmf_theme_file` WHERE  `theme` = 'heizi'  AND `action` = 'portal/Article/index' [ RunTime:0.001110s ]
[ sql ] [ SQL ] SELECT `option_value` FROM `cmf_option` WHERE  `option_name` = 'admin_settings' LIMIT 1 [ RunTime:0.000976s ]
---------------------------------------------------------------
[ 2018-02-07T13:39:51+08:00 ] 127.0.0.1 GET /
[ info ] www.demo.com/ [运行时间：2.069895s][吞吐率：0.48req/s] [内存消耗：842.57kb] [文件加载：82]
[ info ] [ CACHE ] INIT File
[ info ] [ BEHAVIOR ] Run cmf\behavior\InitHookBehavior @app_init [ RunTime:0.048505s ]
[ info ] [ LANG ] D:\UPUPW_AP7.0_64\vhosts\www.demo.com\thinkcmf\simplewind\thinkphp\lang\zh-cn.php
[ info ] [ ROUTE ] array (
  'type' => 'module',
  'module' => 
  array (
    0 => '',
    1 => NULL,
    2 => NULL,
  ),
)
[ info ] [ HEADER ] array (
  'host' => 'www.demo.com',
  'connection' => 'keep-alive',
  'user-agent' => 'Mozilla/5.0 (Windows NT 10.0; Win64; x64) AppleWebKit/537.36 (KHTML, like Gecko) Chrome/63.0.3239.108 Safari/537.36',
  'upgrade-insecure-requests' => '1',
  'accept' => 'text/html,application/xhtml+xml,application/xml;q=0.9,image/webp,image/apng,*/*;q=0.8',
  'accept-encoding' => 'gzip, deflate',
  'accept-language' => 'zh-CN,zh;q=0.9',
  'cookie' => '__atuvc=12%7C52; admin_username=admin',
)
[ info ] [ PARAM ] array (
)
[ info ] [ LANG ] D:\UPUPW_AP7.0_64\vhosts\www.demo.com\thinkcmf\public/../simplewind/cmf/lang\zh-cn.php
[ info ] [ LANG ] D:\UPUPW_AP7.0_64\vhosts\www.demo.com\thinkcmf\public/../app/admin\lang\zh-cn\common.php
[ info ] [ LANG ] D:\UPUPW_AP7.0_64\vhosts\www.demo.com\thinkcmf\public/../app/portal\lang\zh-cn\common.php
[ info ] [ BEHAVIOR ] Run cmf\behavior\LangBehavior @app_begin [ RunTime:0.050248s ]
[ info ] [ LANG ] D:\UPUPW_AP7.0_64\vhosts\www.demo.com\thinkcmf\public/../app/portal\lang\zh-cn.php
[ info ] [ DB ] INIT mysql
[ info ] [ LANG ] D:\UPUPW_AP7.0_64\vhosts\www.demo.com\thinkcmf\public/../app/portal\lang\zh-cn\home.php
[ info ] [ BEHAVIOR ] Run cmf\behavior\HomeLangBehavior @home_init [ RunTime:0.045276s ]
[ info ] [ RUN ] app\portal\controller\IndexController->index[ D:\UPUPW_AP7.0_64\vhosts\www.demo.com\thinkcmf\app\portal\controller\IndexController.php ]
[ info ] [ VIEW ] themes/heizi/portal\\index.html [ array (
  0 => 'site_info',
  1 => 'oneTitleFather',
  2 => 'oneTitleSubset',
  3 => 'theme_vars',
  4 => 'theme_widgets',
) ]
[ info ] [ LOG ] INIT File
[ sql ] [ DB ] CONNECT:[ UseTime:0.001770s ] mysql:host=localhost;port=3306;dbname=thinkcmf5;charset=utf8mb4
[ sql ] [ SQL ] SHOW COLUMNS FROM `cmf_option` [ RunTime:0.009041s ]
[ sql ] [ SQL ] SELECT `option_value` FROM `cmf_option` WHERE  `option_name` = 'cdn_settings' LIMIT 1 [ RunTime:0.000749s ]
[ sql ] [ SQL ] SHOW COLUMNS FROM `cmf_theme_file` [ RunTime:0.142938s ]
[ sql ] [ SQL ] SELECT * FROM `cmf_theme_file` WHERE  `theme` = 'heizi'  AND `file` = 'portal/article' LIMIT 1 [ RunTime:0.001785s ]
[ sql ] [ SQL ] UPDATE `cmf_theme_file`  SET `theme`='heizi',`action`='portal/Article/index',`file`='portal/article',`name`='文章页',`more`='{\"vars\":{\"hot_articles_category_id\":{\"title\":\"Hot Articles\\u5206\\u7c7bID\",\"value\":\"1\",\"type\":\"text\",\"tip\":\"\",\"rule\":[]}}}',`config_more`='{\"vars\":{\"hot_articles_category_id\":{\"title\":\"Hot Articles\\u5206\\u7c7bID\",\"value\":\"1\",\"type\":\"text\",\"tip\":\"\",\"rule\":[]}}}',`description`='文章页模板文件',`is_public`=0,`list_order`=10  WHERE  `theme` = 'heizi'  AND `file` = 'portal/article' [ RunTime:0.093780s ]
[ sql ] [ SQL ] SELECT * FROM `cmf_theme_file` WHERE  `theme` = 'heizi'  AND `file` = 'portal/index' LIMIT 1 [ RunTime:0.001873s ]
[ sql ] [ SQL ] UPDATE `cmf_theme_file`  SET `theme`='heizi',`action`='portal/Index/index',`file`='portal/index',`name`='首页',`more`='{\"vars\":{\"top_slide\":{\"title\":\"\\u9876\\u90e8\\u5e7b\\u706f\\u7247\",\"value\":\"1\",\"type\":\"text\",\"dataSource\":{\"api\":\"admin\\/Slide\\/index\",\"multi\":false},\"placeholder\":\"\\u8bf7\\u9009\\u62e9\\u9876\\u90e8\\u5e7b\\u706f\\u7247\",\"tip\":\"\\u9876\\u90e8\\u5e7b\\u706f\\u7247\",\"rule\":{\"require\":true},\"valueText\":\"\\u9996\\u9875\\u63a8\\u8350\\u6587\\u7ae0\"},\"one_title\":{\"title\":\"\\u5e7b\\u706f\\u7247\\u4e0b\\u6807\\u9898\\u540d\\u79f0\",\"value\":\"\\u9ed1\\u5b50\\u5bb6\\u7684\\u72ec\\u7279\\u670d\\u52a1:\\u670d\\u52a1\\u9879\\u76ee\",\"type\":\"text\",\"placeholder\":\"\':\'\\u540e\\u9762\\u4ee3\\u8868\\u7684\\u662f\\u590d\\u7ea7\\u6807\\u9898\"},\"one_article_type\":{\"title\":\"\\u9996\\u9875\\u6587\\u7ae0\\u5206\\u7c7b\\u7b2c\\u4e00\\u79cd\",\"value\":\"1\",\"type\":\"text\",\"dataSource\":{\"api\":\"admin\\/ArticleType\\/getArticleType\",\"multi\":false},\"placeholder\":\"\\u8bf7\\u9009\\u62e9\\u9876\\u90e8\\u5e7b\\u706f\\u7247\",\"valueText\":\"\\u9996\\u9875\\u63a8\\u8350\\u6587\\u7ae0\"}},\"widgets\":{\"features\":{\"title\":\"\\u5feb\\u901f\\u4e86\\u89e3ThinkCMF\",\"display\":\"1\",\"vars\":{\"sub_title\":{\"title\":\"\\u526f\\u6807\\u9898\",\"value\":\"Quickly understand the ThinkCMF\",\"type\":\"text\",\"placeholder\":\"\\u8bf7\\u8f93\\u5165\\u526f\\u6807\\u9898\",\"tip\":\"\",\"rule\":{\"require\":true}},\"features\":{\"title\":\"\\u7279\\u6027\\u4ecb\\u7ecd\",\"value\":[{\"title\":\"MVC\\u5206\\u5c42\\u6a21\\u5f0f\",\"icon\":\"bars\",\"content\":\"\\u4f7f\\u7528MVC\\u5e94\\u7528\\u7a0b\\u5e8f\\u88ab\\u5206\\u6210\\u4e09\\u4e2a\\u6838\\u5fc3\\u90e8\\u4ef6\\uff1a\\u6a21\\u578b\\uff08M\\uff09\\u3001\\u89c6\\u56fe\\uff08V\\uff09\\u3001\\u63a7\\u5236\\u5668\\uff08C\\uff09\\uff0c\\u4ed6\\u4e0d\\u662f\\u4e00\\u4e2a\\u65b0\\u7684\\u6982\\u5ff5\\uff0c\\u53ea\\u662fThinkCMF\\u5c06\\u5176\\u53d1\\u6325\\u5230\\u4e86\\u6781\\u81f4\\u3002\"},{\"title\":\"\\u7528\\u6237\\u7ba1\\u7406\",\"icon\":\"group\",\"content\":\"ThinkCMF\\u5185\\u7f6e\\u4e86\\u7075\\u6d3b\\u7684\\u7528\\u6237\\u7ba1\\u7406\\u65b9\\u5f0f\\uff0c\\u5e76\\u53ef\\u76f4\\u63a5\\u4e0e\\u7b2c\\u4e09\\u65b9\\u7ad9\\u70b9\\u8fdb\\u884c\\u4e92\\u8054\\u4e92\\u901a\\uff0c\\u5982\\u679c\\u4f60\\u613f\\u610f\\u751a\\u81f3\\u53ef\\u4ee5\\u5bf9\\u5355\\u4e2a\\u7528\\u6237\\u6216\\u7fa4\\u4f53\\u7528\\u6237\\u7684\\u884c\\u4e3a\\u8fdb\\u884c\\u8bb0\\u5f55\\u53ca\\u5206\\u4eab\\uff0c\\u4e3a\\u60a8\\u7684\\u8fd0\\u8425\\u51b3\\u7b56\\u63d0\\u4f9b\\u6709\\u6548\\u53c2\\u8003\\u6570\\u636e\\u3002\"},{\"title\":\"\\u4e91\\u7aef\\u90e8\\u7f72\",\"icon\":\"cloud\",\"content\":\"\\u901a\\u8fc7\\u9a71\\u52a8\\u7684\\u65b9\\u5f0f\\u53ef\\u4ee5\\u8f7b\\u677e\\u652f\\u6301\\u4e91\\u5e73\\u53f0\\u7684\\u90e8\\u7f72\\uff0c\\u8ba9\\u4f60\\u7684\\u7f51\\u7ad9\\u65e0\\u7f1d\\u8fc1\\u79fb\\uff0c\\u5185\\u7f6e\\u5df2\\u7ecf\\u652f\\u6301SAE\\u3001BAE\\uff0c\\u6b63\\u5f0f\\u7248\\u5c06\\u5bf9\\u4e91\\u7aef\\u90e8\\u7f72\\u8fdb\\u884c\\u8fdb\\u4e00\\u6b65\\u4f18\\u5316\\u3002\"},{\"title\":\"\\u5b89\\u5168\\u7b56\\u7565\",\"icon\":\"heart\",\"content\":\"\\u63d0\\u4f9b\\u7684\\u7a33\\u5065\\u7684\\u5b89\\u5168\\u7b56\\u7565\\uff0c\\u5305\\u62ec\\u5907\\u4efd\\u6062\\u590d\\uff0c\\u5bb9\\u9519\\uff0c\\u9632\\u6cbb\\u6076\\u610f\\u653b\\u51fb\\u767b\\u9646\\uff0c\\u7f51\\u9875\\u9632\\u7be1\\u6539\\u7b49\\u591a\\u9879\\u5b89\\u5168\\u7ba1\\u7406\\u529f\\u80fd\\uff0c\\u4fdd\\u8bc1\\u7cfb\\u7edf\\u5b89\\u5168\\uff0c\\u53ef\\u9760\\uff0c\\u7a33\\u5b9a\\u7684\\u8fd0\\u884c\\u3002\"},{\"title\":\"\\u5e94\\u7528\\u6a21\\u5757\\u5316\",\"icon\":\"cubes\",\"content\":\"\\u63d0\\u51fa\\u5168\\u65b0\\u7684\\u5e94\\u7528\\u6a21\\u5f0f\\u8fdb\\u884c\\u6269\\u5c55\\uff0c\\u4e0d\\u7ba1\\u662f\\u4f60\\u5f00\\u53d1\\u4e00\\u4e2a\\u5c0f\\u529f\\u80fd\\u8fd8\\u662f\\u4e00\\u4e2a\\u5168\\u65b0\\u7684\\u7ad9\\u70b9\\uff0c\\u5728ThinkCMF\\u4e2d\\u4f60\\u53ea\\u662f\\u589e\\u52a0\\u4e86\\u4e00\\u4e2aAPP\\uff0c\\u6bcf\\u4e2a\\u72ec\\u7acb\\u8fd0\\u884c\\u4e92\\u4e0d\\u5f71\\u54cd\\uff0c\\u4fbf\\u4e8e\\u7075\\u6d3b\\u6269\\u5c55\\u548c\\u4e8c\\u6b21\\u5f00\\u53d1\\u3002\"},{\"title\":\"\\u514d\\u8d39\\u5f00\\u6e90\",\"icon\":\"certificate\",\"content\":\"\\u4ee3\\u7801\\u9075\\u5faaApache2\\u5f00\\u6e90\\u534f\\u8bae\\uff0c\\u514d\\u8d39\\u4f7f\\u7528\\uff0c\\u5bf9\\u5546\\u4e1a\\u7528\\u6237\\u4e5f\\u65e0\\u4efb\\u4f55\\u9650\\u5236\\u3002\"}],\"type\":\"array\",\"item\":{\"title\":{\"title\":\"\\u6807\\u9898\",\"value\":\"\",\"type\":\"text\",\"rule\":{\"require\":true}},\"icon\":{\"title\":\"\\u56fe\\u6807\",\"value\":\"\",\"type\":\"text\"},\"content\":{\"title\":\"\\u63cf\\u8ff0\",\"value\":\"\",\"type\":\"textarea\"}},\"tip\":\"\"}}},\"last_news\":{\"title\":\"\\u6700\\u65b0\\u8d44\\u8baf\",\"display\":\"1\",\"vars\":{\"last_news_category_id\":{\"title\":\"\\u6587\\u7ae0\\u5206\\u7c7bID\",\"value\":\"\",\"type\":\"text\",\"dataSource\":{\"api\":\"portal\\/Category\\/index\",\"multi\":true},\"placeholder\":\"\\u8bf7\\u9009\\u62e9\\u5206\\u7c7b\",\"tip\":\"\",\"rule\":{\"require\":true}}}}}}',`config_more`='{\"vars\":{\"top_slide\":{\"title\":\"\\u9876\\u90e8\\u5e7b\\u706f\\u7247\",\"value\":\"\",\"type\":\"text\",\"dataSource\":{\"api\":\"admin\\/Slide\\/index\",\"multi\":false},\"placeholder\":\"\\u8bf7\\u9009\\u62e9\\u9876\\u90e8\\u5e7b\\u706f\\u7247\",\"tip\":\"\\u9876\\u90e8\\u5e7b\\u706f\\u7247\",\"rule\":{\"require\":true}},\"one_title\":{\"title\":\"\\u5e7b\\u706f\\u7247\\u4e0b\\u6807\\u9898\\u540d\\u79f0\",\"value\":\"\\u9ed1\\u5b50\\u5bb6\\u7684\\u72ec\\u7279\\u670d\\u52a1:\\u670d\\u52a1\\u9879\\u76ee\",\"type\":\"text\",\"placeholder\":\"\':\'\\u540e\\u9762\\u4ee3\\u8868\\u7684\\u662f\\u590d\\u7ea7\\u6807\\u9898\"},\"one_article_type\":{\"title\":\"\\u9996\\u9875\\u6587\\u7ae0\\u5206\\u7c7b\\u7b2c\\u4e00\\u79cd\",\"value\":\"\",\"type\":\"text\",\"dataSource\":{\"api\":\"admin\\/ArticleType\\/getArticleType\",\"multi\":false},\"placeholder\":\"\\u8bf7\\u9009\\u62e9\\u9876\\u90e8\\u5e7b\\u706f\\u7247\"}},\"widgets\":{\"features\":{\"title\":\"\\u5feb\\u901f\\u4e86\\u89e3ThinkCMF\",\"display\":\"1\",\"vars\":{\"sub_title\":{\"title\":\"\\u526f\\u6807\\u9898\",\"value\":\"Quickly understand the ThinkCMF\",\"type\":\"text\",\"placeholder\":\"\\u8bf7\\u8f93\\u5165\\u526f\\u6807\\u9898\",\"tip\":\"\",\"rule\":{\"require\":true}},\"features\":{\"title\":\"\\u7279\\u6027\\u4ecb\\u7ecd\",\"value\":[{\"title\":\"MVC\\u5206\\u5c42\\u6a21\\u5f0f\",\"icon\":\"bars\",\"content\":\"\\u4f7f\\u7528MVC\\u5e94\\u7528\\u7a0b\\u5e8f\\u88ab\\u5206\\u6210\\u4e09\\u4e2a\\u6838\\u5fc3\\u90e8\\u4ef6\\uff1a\\u6a21\\u578b\\uff08M\\uff09\\u3001\\u89c6\\u56fe\\uff08V\\uff09\\u3001\\u63a7\\u5236\\u5668\\uff08C\\uff09\\uff0c\\u4ed6\\u4e0d\\u662f\\u4e00\\u4e2a\\u65b0\\u7684\\u6982\\u5ff5\\uff0c\\u53ea\\u662fThinkCMF\\u5c06\\u5176\\u53d1\\u6325\\u5230\\u4e86\\u6781\\u81f4\\u3002\"},{\"title\":\"\\u7528\\u6237\\u7ba1\\u7406\",\"icon\":\"group\",\"content\":\"ThinkCMF\\u5185\\u7f6e\\u4e86\\u7075\\u6d3b\\u7684\\u7528\\u6237\\u7ba1\\u7406\\u65b9\\u5f0f\\uff0c\\u5e76\\u53ef\\u76f4\\u63a5\\u4e0e\\u7b2c\\u4e09\\u65b9\\u7ad9\\u70b9\\u8fdb\\u884c\\u4e92\\u8054\\u4e92\\u901a\\uff0c\\u5982\\u679c\\u4f60\\u613f\\u610f\\u751a\\u81f3\\u53ef\\u4ee5\\u5bf9\\u5355\\u4e2a\\u7528\\u6237\\u6216\\u7fa4\\u4f53\\u7528\\u6237\\u7684\\u884c\\u4e3a\\u8fdb\\u884c\\u8bb0\\u5f55\\u53ca\\u5206\\u4eab\\uff0c\\u4e3a\\u60a8\\u7684\\u8fd0\\u8425\\u51b3\\u7b56\\u63d0\\u4f9b\\u6709\\u6548\\u53c2\\u8003\\u6570\\u636e\\u3002\"},{\"title\":\"\\u4e91\\u7aef\\u90e8\\u7f72\",\"icon\":\"cloud\",\"content\":\"\\u901a\\u8fc7\\u9a71\\u52a8\\u7684\\u65b9\\u5f0f\\u53ef\\u4ee5\\u8f7b\\u677e\\u652f\\u6301\\u4e91\\u5e73\\u53f0\\u7684\\u90e8\\u7f72\\uff0c\\u8ba9\\u4f60\\u7684\\u7f51\\u7ad9\\u65e0\\u7f1d\\u8fc1\\u79fb\\uff0c\\u5185\\u7f6e\\u5df2\\u7ecf\\u652f\\u6301SAE\\u3001BAE\\uff0c\\u6b63\\u5f0f\\u7248\\u5c06\\u5bf9\\u4e91\\u7aef\\u90e8\\u7f72\\u8fdb\\u884c\\u8fdb\\u4e00\\u6b65\\u4f18\\u5316\\u3002\"},{\"title\":\"\\u5b89\\u5168\\u7b56\\u7565\",\"icon\":\"heart\",\"content\":\"\\u63d0\\u4f9b\\u7684\\u7a33\\u5065\\u7684\\u5b89\\u5168\\u7b56\\u7565\\uff0c\\u5305\\u62ec\\u5907\\u4efd\\u6062\\u590d\\uff0c\\u5bb9\\u9519\\uff0c\\u9632\\u6cbb\\u6076\\u610f\\u653b\\u51fb\\u767b\\u9646\\uff0c\\u7f51\\u9875\\u9632\\u7be1\\u6539\\u7b49\\u591a\\u9879\\u5b89\\u5168\\u7ba1\\u7406\\u529f\\u80fd\\uff0c\\u4fdd\\u8bc1\\u7cfb\\u7edf\\u5b89\\u5168\\uff0c\\u53ef\\u9760\\uff0c\\u7a33\\u5b9a\\u7684\\u8fd0\\u884c\\u3002\"},{\"title\":\"\\u5e94\\u7528\\u6a21\\u5757\\u5316\",\"icon\":\"cubes\",\"content\":\"\\u63d0\\u51fa\\u5168\\u65b0\\u7684\\u5e94\\u7528\\u6a21\\u5f0f\\u8fdb\\u884c\\u6269\\u5c55\\uff0c\\u4e0d\\u7ba1\\u662f\\u4f60\\u5f00\\u53d1\\u4e00\\u4e2a\\u5c0f\\u529f\\u80fd\\u8fd8\\u662f\\u4e00\\u4e2a\\u5168\\u65b0\\u7684\\u7ad9\\u70b9\\uff0c\\u5728ThinkCMF\\u4e2d\\u4f60\\u53ea\\u662f\\u589e\\u52a0\\u4e86\\u4e00\\u4e2aAPP\\uff0c\\u6bcf\\u4e2a\\u72ec\\u7acb\\u8fd0\\u884c\\u4e92\\u4e0d\\u5f71\\u54cd\\uff0c\\u4fbf\\u4e8e\\u7075\\u6d3b\\u6269\\u5c55\\u548c\\u4e8c\\u6b21\\u5f00\\u53d1\\u3002\"},{\"title\":\"\\u514d\\u8d39\\u5f00\\u6e90\",\"icon\":\"certificate\",\"content\":\"\\u4ee3\\u7801\\u9075\\u5faaApache2\\u5f00\\u6e90\\u534f\\u8bae\\uff0c\\u514d\\u8d39\\u4f7f\\u7528\\uff0c\\u5bf9\\u5546\\u4e1a\\u7528\\u6237\\u4e5f\\u65e0\\u4efb\\u4f55\\u9650\\u5236\\u3002\"}],\"type\":\"array\",\"item\":{\"title\":{\"title\":\"\\u6807\\u9898\",\"value\":\"\",\"type\":\"text\",\"rule\":{\"require\":true}},\"icon\":{\"title\":\"\\u56fe\\u6807\",\"value\":\"\",\"type\":\"text\"},\"content\":{\"title\":\"\\u63cf\\u8ff0\",\"value\":\"\",\"type\":\"textarea\"}},\"tip\":\"\"}}},\"last_news\":{\"title\":\"\\u6700\\u65b0\\u8d44\\u8baf\",\"display\":\"1\",\"vars\":{\"last_news_category_id\":{\"title\":\"\\u6587\\u7ae0\\u5206\\u7c7bID\",\"value\":\"\",\"type\":\"text\",\"dataSource\":{\"api\":\"portal\\/Category\\/index\",\"multi\":true},\"placeholder\":\"\\u8bf7\\u9009\\u62e9\\u5206\\u7c7b\",\"tip\":\"\",\"rule\":{\"require\":true}}}}}}',`description`='首页模板文件',`is_public`=0,`list_order`=5  WHERE  `theme` = 'heizi'  AND `file` = 'portal/index' [ RunTime:0.130629s ]
[ sql ] [ SQL ] SELECT * FROM `cmf_theme_file` WHERE  `theme` = 'heizi'  AND `file` = 'public/headnav' LIMIT 1 [ RunTime:0.002026s ]
[ sql ] [ SQL ] UPDATE `cmf_theme_file`  SET `theme`='heizi',`action`='public/HeadNav',`file`='public/headnav',`name`='前端导航',`more`='{\"vars\":{\"company_name\":{\"title\":\"\\u516c\\u53f8\\u540d\\u79f0\",\"name\":\"company_name\",\"value\":\"ThinkCMF\",\"type\":\"text\",\"tip\":\"\",\"rule\":[]}}}',`config_more`='{\"vars\":{\"company_name\":{\"title\":\"\\u516c\\u53f8\\u540d\\u79f0\",\"name\":\"company_name\",\"value\":\"ThinkCMF\",\"type\":\"text\",\"tip\":\"\",\"rule\":[]}}}',`description`='导航条模板文件',`is_public`=1,`list_order`=1  WHERE  `theme` = 'heizi'  AND `file` = 'public/headnav' [ RunTime:0.053177s ]
[ sql ] [ SQL ] SELECT * FROM `cmf_theme_file` WHERE  `theme` = 'heizi' [ RunTime:0.001735s ]
[ sql ] [ SQL ] SHOW COLUMNS FROM `cmf_theme` [ RunTime:0.015194s ]
[ sql ] [ SQL ] UPDATE `cmf_theme`  SET `name`='heizi',`version`='1.0.2',`demo_url`='',`author`='wangcx',`lang`='zh-cn',`author_url`='',`keywords`='黑子官网',`description`='黑子官网'  WHERE  `theme` = 'heizi' [ RunTime:0.210551s ]
[ sql ] [ SQL ] SELECT `more` FROM `cmf_theme_file` WHERE  `theme` = 'heizi'  AND (  `is_public` = 1 OR `file` = 'portal/index' ) [ RunTime:0.001547s ]
[ sql ] [ SQL ] SHOW COLUMNS FROM `cmf_slide` [ RunTime:0.016609s ]
[ sql ] [ SQL ] SELECT COUNT(*) AS tp_count FROM `cmf_slide` WHERE  `id` = 1  AND `status` = 1  AND `delete_time` = 0 LIMIT 1 [ RunTime:0.001535s ]
[ sql ] [ SQL ] SHOW COLUMNS FROM `cmf_slide_item` [ RunTime:0.015843s ]
[ sql ] [ SQL ] SELECT * FROM `cmf_slide_item` WHERE  `status` = 1  AND `slide_id` = 1 ORDER BY list_order ASC [ RunTime:0.001806s ]
[ sql ] [ SQL ] SELECT `option_value` FROM `cmf_option` WHERE  `option_name` = 'storage' LIMIT 1 [ RunTime:0.001544s ]
[ sql ] [ SQL ] SHOW COLUMNS FROM `cmf_nav_menu` [ RunTime:0.016925s ]
[ sql ] [ SQL ] SELECT * FROM `cmf_nav_menu` WHERE  `nav_id` = 1  AND `status` = 1 ORDER BY list_order ASC [ RunTime:0.001639s ]
---------------------------------------------------------------
[ 2018-02-07T13:39:53+08:00 ] 127.0.0.1 GET /favicon.ico
[ info ] www.demo.com/favicon.ico [运行时间：0.457465s][吞吐率：2.19req/s] [内存消耗：264.98kb] [文件加载：55]
[ info ] [ CACHE ] INIT File
[ info ] [ BEHAVIOR ] Run cmf\behavior\InitHookBehavior @app_init [ RunTime:0.037753s ]
[ info ] [ LANG ] D:\UPUPW_AP7.0_64\vhosts\www.demo.com\thinkcmf\simplewind\thinkphp\lang\zh-cn.php
[ info ] [ ROUTE ] array (
  'type' => 'module',
  'module' => 
  array (
    0 => 'favicon.ico',
    1 => NULL,
    2 => NULL,
  ),
)
[ info ] [ HEADER ] array (
  'host' => 'www.demo.com',
  'connection' => 'keep-alive',
  'user-agent' => 'Mozilla/5.0 (Windows NT 10.0; Win64; x64) AppleWebKit/537.36 (KHTML, like Gecko) Chrome/63.0.3239.108 Safari/537.36',
  'accept' => 'image/webp,image/apng,image/*,*/*;q=0.8',
  'referer' => 'http://www.demo.com/',
  'accept-encoding' => 'gzip, deflate',
  'accept-language' => 'zh-CN,zh;q=0.9',
  'cookie' => '__atuvc=12%7C52; admin_username=admin; thinkphp_show_page_trace=0|0',
)
[ info ] [ PARAM ] array (
)
[ info ] [ LANG ] D:\UPUPW_AP7.0_64\vhosts\www.demo.com\thinkcmf\public/../simplewind/cmf/lang\zh-cn.php
[ info ] [ LANG ] D:\UPUPW_AP7.0_64\vhosts\www.demo.com\thinkcmf\public/../app/admin\lang\zh-cn\common.php
[ info ] [ LANG ] D:\UPUPW_AP7.0_64\vhosts\www.demo.com\thinkcmf\public/../app/portal\lang\zh-cn\common.php
[ info ] [ BEHAVIOR ] Run cmf\behavior\LangBehavior @app_begin [ RunTime:0.036832s ]
[ info ] [ LOG ] INIT File
